Tue Aug 11 23:52:36 EDT 2015
Tue Aug 11 23:53:33 EDT 2015
Wed Aug 12 00:28:22 EDT 2015
Wed Aug 12 01:28:25 EDT 2015
Wed Aug 12 02:28:20 EDT 2015
Wed Aug 12 03:28:19 EDT 2015
Wed Aug 12 04:28:20 EDT 2015
Wed Aug 12 05:28:20 EDT 2015
Wed Aug 12 06:28:19 EDT 2015
Wed Aug 12 07:28:19 EDT 2015
Wed Aug 12 08:28:20 EDT 2015
Thu Aug 13 03:52:17 EDT 2015
Fri Aug 14 03:52:16 EDT 2015
Sat Aug 15 03:52:16 EDT 2015
Sun Aug 16 03:52:16 EDT 2015
Mon Aug 17 03:52:17 EDT 2015
Tue Aug 18 03:52:17 EDT 2015
Wed Aug 19 03:52:17 EDT 2015
Thu Aug 20 03:52:17 EDT 2015
Fri Aug 21 03:52:17 EDT 2015
Sat Aug 22 03:52:19 EDT 2015
Sun Aug 23 03:52:24 EDT 2015
Mon Aug 24 03:52:24 EDT 2015
Tue Aug 25 03:52:25 EDT 2015
Wed Aug 26 03:52:25 EDT 2015
Thu Aug 27 03:52:25 EDT 2015
Fri Aug 28 03:52:25 EDT 2015
Sat Aug 29 03:52:11 EDT 2015
Sun Aug 30 03:52:11 EDT 2015
Mon Aug 31 03:52:13 EDT 2015
Tue Sep 1 03:52:19 EDT 2015
Wed Sep 2 03:52:12 EDT 2015
Thu Sep 3 03:52:12 EDT 2015
Fri Sep 4 03:52:12 EDT 2015
Sat Sep 5 03:52:11 EDT 2015
Sun Sep 6 03:52:11 EDT 2015
Mon Sep 7 03:52:12 EDT 2015
Tue Sep 8 03:52:12 EDT 2015
