-rw-r--r--    1 cesine  staff   5358  2 Aug 15:23 AndrewRosenberg___AuToBI.json
-rw-r--r--    1 cesine  staff   6687  2 Aug 15:23 BloomBooks___BloomDesktop.json
-rw-r--r--    1 cesine  staff   5341  2 Aug 15:23 EoinTravers___PsychScript.json
-rw-r--r--    1 cesine  staff   6179  2 Aug 15:23 FieldDB___AndroidFieldDB.json
-rw-r--r--    1 cesine  staff   7033  2 Aug 15:23 FieldDB___AndroidFieldDBElicitationRecorder.json
-rw-r--r--    1 cesine  staff   7613  2 Aug 15:23 FieldDB___AndroidLanguageLearningClientForFieldDB-sikuli.json
-rw-r--r--    1 cesine  staff   7459  2 Aug 15:23 FieldDB___AndroidLanguageLearningClientForFieldDB.json
-rw-r--r--    1 cesine  staff  17529  2 Aug 15:23 FieldDB___AndroidProductionExperiment.json
-rw-r--r--    1 cesine  staff   6307  2 Aug 15:23 FieldDB___AudioWebService.json
-rw-r--r--    1 cesine  staff   6615  2 Aug 15:23 FieldDB___AuthenticationWebService.json
-rw-r--r--    1 cesine  staff  19013  2 Aug 15:23 FieldDB___BashScriptsForPhonetics.json
-rw-r--r--    1 cesine  staff  18078  2 Aug 15:23 FieldDB___CorporaForFieldLinguistics.json
-rw-r--r--    1 cesine  staff  16280  2 Aug 15:23 FieldDB___CorpusWebService.json
-rw-r--r--    1 cesine  staff  16081  2 Aug 15:23 FieldDB___DataTags.json
-rw-r--r--    1 cesine  staff  18343  2 Aug 15:23 FieldDB___DeepLearnToolbox.json
-rw-r--r--    1 cesine  staff   6792  2 Aug 15:23 FieldDB___DictionaryChromeExtension.json
-rw-r--r--    1 cesine  staff   6491  2 Aug 15:23 FieldDB___FieldDBActivityFeed.json
-rw-r--r--    1 cesine  staff  17080  2 Aug 15:23 FieldDB___FieldDBGlosser.json
-rw-r--r--    1 cesine  staff   6270  2 Aug 15:23 FieldDB___FieldDBLexicon.json
-rw-r--r--    1 cesine  staff   6265  2 Aug 15:23 FieldDB___FieldDBWebServer.json
-rw-r--r--    1 cesine  staff  21047  2 Aug 15:23 FieldDB___GamifyPsycholinguisticsExperiments.json
-rw-r--r--    1 cesine  staff   6530  2 Aug 15:23 FieldDB___LanguageClassDashboard.json
-rw-r--r--    1 cesine  staff   6312  2 Aug 15:23 FieldDB___LexiconWebService.json
-rw-r--r--    1 cesine  staff   6687  2 Aug 15:23 FieldDB___LexiconWebServiceSample.json
-rw-r--r--    1 cesine  staff  19271  2 Aug 15:23 FieldDB___MultilingualCorporaExtractor.json
-rw-r--r--    1 cesine  staff  16107  2 Aug 15:23 FieldDB___OPrime.json
-rw-r--r--    1 cesine  staff   6207  2 Aug 15:23 FieldDB___Praat-Scripts.json
-rw-r--r--    1 cesine  staff   6300  2 Aug 15:23 FieldDB___PraatTextGridJS.json
-rw-r--r--    1 cesine  staff  16636  2 Aug 15:23 FieldDB___Recordmp3js.json
-rw-r--r--    1 cesine  staff  16287  2 Aug 15:23 FieldDB___SeedLing.json
-rw-r--r--    1 cesine  staff  16856  2 Aug 15:23 FieldDB___ark-tweet-nlp.json
-rw-r--r--    1 cesine  staff  17835  2 Aug 15:23 FieldDB___berlin-buzzwords-2013.json
-rw-r--r--    1 cesine  staff   6675  2 Aug 15:23 FieldDB___bower-fielddb-angular.json
-rw-r--r--    1 cesine  staff   6298  2 Aug 15:23 FieldDB___bower-fielddb.json
-rw-r--r--    1 cesine  staff  15611  2 Aug 15:23 FieldDB___brain.json
-rw-r--r--    1 cesine  staff  16153  2 Aug 15:23 FieldDB___dative.json
-rw-r--r--    1 cesine  staff  18012  2 Aug 15:23 FieldDB___et-pocketsphinx-tutorial.json
-rw-r--r--    1 cesine  staff   6735  2 Aug 15:23 FieldDB___fielddb-spreadsheet-sikuli.json
-rw-r--r--    1 cesine  staff  15583  2 Aug 15:23 FieldDB___hailo.json
-rw-r--r--    1 cesine  staff  16529  2 Aug 15:23 FieldDB___hindi-morph.json
-rw-r--r--    1 cesine  staff  17308  2 Aug 15:23 FieldDB___iLanguageCloud.json
-rw-r--r--    1 cesine  staff  16008  2 Aug 15:23 FieldDB___lex4all.json
-rw-r--r--    1 cesine  staff  17710  2 Aug 15:23 FieldDB___lucenerevolution-2013.json
-rw-r--r--    1 cesine  staff     87  2 Aug 15:23 FieldDB___migmaqLessons.json
-rw-r--r--    1 cesine  staff  16282  2 Aug 15:23 FieldDB___octothorpe.json
-rw-r--r--    1 cesine  staff  16728  2 Aug 15:23 FieldDB___praat-py.json
-rw-r--r--    1 cesine  staff  17156  2 Aug 15:23 FieldDB___psychopyMegProsody.json
-rw-r--r--    1 cesine  staff  17010  2 Aug 15:23 FieldDB___startR.json
-rw-r--r--    1 cesine  staff  17075  2 Aug 15:23 FieldDB___translitit-engine.json
-rw-r--r--    1 cesine  staff  19966  2 Aug 15:23 FieldDB___translitit-latin-to-mkhedruli-georgian.json
-rw-r--r--    1 cesine  staff   5855  2 Aug 15:23 IQSS___dataverse.json
-rw-r--r--    1 cesine  staff   5572  2 Aug 15:23 KentonMurray___Buckwalter.json
-rw-r--r--    1 cesine  staff   5220  2 Aug 15:23 KentonMurray___bevara.json
-rw-r--r--    1 cesine  staff   7198  2 Aug 15:23 LowResourceLanguages___hltdi-morphology.json
-rw-r--r--    1 cesine  staff   6210  2 Aug 15:23 NaturalNode___natural.json
-rw-r--r--    1 cesine  staff     87  2 Aug 15:23 PhonologicalCorpusTools.json
-rw-r--r--    1 cesine  staff   7191  2 Aug 15:23 PhonologicalCorpusTools___CorpusTools.json
-rw-r--r--    1 cesine  staff   7485  2 Aug 15:23 PhonologicalCorpusTools___PyAnnotationGraph.json
-rw-r--r--    1 cesine  staff   5713  2 Aug 14:53 RichardLitt___endangered-languages.json
-rw-r--r--    1 cesine  staff   4961  2 Aug 15:23 RichardLitt___lrl.json
-rw-r--r--    1 cesine  staff   5532  2 Aug 15:23 RichardLitt___toolbox-scripts.json
-rw-r--r--    1 cesine  staff   5710  2 Aug 15:23 RichardLitt___visualizing-language.json
-rw-r--r--    1 cesine  staff      3  2 Aug 14:52 RichardLitt_endangered-languages.json
-rw-r--r--    1 cesine  staff   6775  2 Aug 15:23 UniversalDependencies___docs.json
-rw-r--r--    1 cesine  staff   6419  2 Aug 15:23 aalto-speech___morfessor.json
-rw-r--r--    1 cesine  staff   4900  2 Aug 15:23 alvations___DLTK.json
-rw-r--r--    1 cesine  staff   5094  2 Aug 15:23 alvations___SeedLing.json
-rw-r--r--    1 cesine  staff   5155  2 Aug 15:23 alvations___SuGarLike.json
-rw-r--r--    1 cesine  staff   5139  2 Aug 15:23 alvations___bayesline.json
-rw-r--r--    1 cesine  staff   4948  2 Aug 15:23 alvations___sugali.json
-rw-r--r--    1 cesine  staff   5334  2 Aug 15:23 arne-cl___discoursegraphs.json
-rw-r--r--    1 cesine  staff   6334  2 Aug 15:23 atilika___kuromoji-server.json
-rw-r--r--    1 cesine  staff   6048  2 Aug 15:23 atilika___kuromoji.json
-rw-r--r--    1 cesine  staff   6661  2 Aug 15:23 batumi___KartuliChromeExtension.json
-rw-r--r--    1 cesine  staff   5690  2 Aug 15:23 cesine___ToolsForFieldLinguistics.json
-rw-r--r--    1 cesine  staff   6551  2 Aug 15:23 cidles___fredericajordarzambarino.json
-rw-r--r--    1 cesine  staff   6295  2 Aug 15:23 cidles___graf-python.json
-rw-r--r--    1 cesine  staff     87  2 Aug 15:23 cidles___mindericobot.json
-rw-r--r--    1 cesine  staff   6699  2 Aug 15:23 cidles___poio-analyzer.json
-rw-r--r--    1 cesine  staff   6330  2 Aug 15:23 cidles___poio-api.json
-rw-r--r--    1 cesine  staff   6208  2 Aug 15:23 cidles___poio-corpus.json
-rw-r--r--    1 cesine  staff   5910  2 Aug 15:23 cidles___poio-doc.json
-rw-r--r--    1 cesine  staff   5950  2 Aug 15:23 cidles___poio-site.json
-rw-r--r--    1 cesine  staff   6094  2 Aug 15:23 cidles___pressagio.json
-rw-r--r--    1 cesine  staff   6169  2 Aug 15:23 cidles___pyannotation.json
-rw-r--r--    1 cesine  staff   5945  2 Aug 15:23 cidles___wordbyword.json
-rw-r--r--    1 cesine  staff   5604  2 Aug 15:23 clld___clld.json
-rw-r--r--    1 cesine  staff   5983  2 Aug 15:23 clld___glottolog-data.json
-rw-r--r--    1 cesine  staff   6074  2 Aug 15:23 clld___tsammalex-data.json
-rw-r--r--    1 cesine  staff   4578  2 Aug 15:23 dae___anki.json
-rw-r--r--    1 cesine  staff   5626  2 Aug 15:23 dasmith___stanford-corenlp-python.json
-rw-r--r--    1 cesine  staff   5146  2 Aug 15:23 dergachev___babelfrog.json
-rw-r--r--    1 cesine  staff   5985  2 Aug 15:23 dhgarrette___low-resource-pos-tagging-2013.json
-rw-r--r--    1 cesine  staff   6157  2 Aug 15:23 dhgarrette___type-supervised-tagging-2012emnlp.json
-rw-r--r--    1 cesine  staff   5148  2 Aug 15:23 eddersko___WordBoundary.json
-rw-r--r--    1 cesine  staff   5136  2 Aug 15:23 elderonline___ELDER.json
-rw-r--r--    1 cesine  staff   5734  2 Aug 15:23 eopas___eopas.json
-rw-r--r--    1 cesine  staff   6032  2 Aug 15:23 fielddb___fielddb.json
-rw-r--r--    1 cesine  staff      3  2 Aug 14:52 fielddb_fielddb.json
-rw-r--r--    1 cesine  staff   4832  2 Aug 15:23 fpetran___norma.json
-rw-r--r--    1 cesine  staff   5051  2 Aug 15:23 goodmami___pydelphin.json
-rw-r--r--    1 cesine  staff   5574  2 Aug 15:23 hyphenliu___cnminlangwebcollect.json
-rw-r--r--    1 cesine  staff   5007  2 Aug 15:23 jcgood___complexity.json
-rw-r--r--    1 cesine  staff   5047  2 Aug 15:23 jcgood___concepticon.json
-rw-r--r--    1 cesine  staff   4880  2 Aug 15:23 jcgood___desmeme.json
-rw-r--r--    1 cesine  staff   5277  2 Aug 15:23 jcgood___rosetta-pangloss.json
-rw-r--r--    1 cesine  staff   5225  2 Aug 15:23 jpate___prosodicParsing.json
-rw-r--r--    1 cesine  staff   5240  2 Aug 15:23 jpmontano___nishanimate.json
-rw-r--r--    1 cesine  staff   5050  2 Aug 15:23 jrwdunham___dative.json
-rw-r--r--    1 cesine  staff   5258  2 Aug 15:23 jrwdunham___old-webapp.json
-rw-r--r--    1 cesine  staff   5330  2 Aug 15:23 katspaugh___wavesurfer.js.json
-rw-r--r--    1 cesine  staff   5990  2 Aug 15:23 korpling___pepper.json
-rw-r--r--    1 cesine  staff   5878  2 Aug 15:23 korpling___salt.json
-rw-r--r--    1 cesine  staff   5068  2 Aug 15:23 krismyu___ldc-kiy.json
-rw-r--r--    1 cesine  staff   4932  2 Aug 15:23 kscanne___aimsigh.json
-rw-r--r--    1 cesine  staff   5036  2 Aug 15:23 kscanne___caighdean.json
-rw-r--r--    1 cesine  staff   4949  2 Aug 15:23 kscanne___chichewa.json
-rw-r--r--    1 cesine  staff   4981  2 Aug 15:23 kscanne___fleiscin.json
-rw-r--r--    1 cesine  staff   5021  2 Aug 15:23 kscanne___gaelspell.json
-rw-r--r--    1 cesine  staff   5095  2 Aug 15:23 kscanne___hunspell-gd.json
-rw-r--r--    1 cesine  staff   5248  2 Aug 15:23 kscanne___itweets-geodata.json
-rw-r--r--    1 cesine  staff   5274  2 Aug 15:23 kscanne___make-extensions.json
-rw-r--r--    1 cesine  staff   5244  2 Aug 15:23 kscanne___moz-l10n-tiers.json
-rw-r--r--    1 cesine  staff   5043  2 Aug 15:23 kscanne___orthotree.json
-rw-r--r--    1 cesine  staff  16168  2 Aug 15:23 kscanne___secwepemc-facebook.json
-rw-r--r--    1 cesine  staff   5110  2 Aug 15:23 kscanne___tweet2learn.json
-rw-r--r--    1 cesine  staff   5971  2 Aug 15:23 l20n___l20n.js.json
-rw-r--r--    1 cesine  staff    221  2 Aug 15:23 langtech___aikuma.json
-rw-r--r--    1 cesine  staff   5888  2 Aug 15:23 langtech___toney.json
-rw-r--r--    1 cesine  staff   6304  2 Aug 15:23 ldmt-muri___kin-morph-fst.json
-rw-r--r--    1 cesine  staff   5037  2 Aug 15:23 leebock___languages.json
-rw-r--r--    1 cesine  staff   5961  2 Aug 15:24 lex4all___lex4all.json
-rw-r--r--    1 cesine  staff   5868  2 Aug 15:24 lingpy___lingpy.json
-rw-r--r--    1 cesine  staff   5980  2 Aug 15:24 longnow___TeraDict.json
-rw-r--r--    1 cesine  staff   6082  2 Aug 15:24 longnow___node-panlex.json
-rw-r--r--    1 cesine  staff   6151  2 Aug 15:24 longnow___panlex-tools.json
-rw-r--r--    1 cesine  staff   5732  2 Aug 15:24 mohammadnasiruddin___WSI4URLang.json
-rw-r--r--    1 cesine  staff   4721  2 Aug 15:24 nasser___---.json
-rw-r--r--    1 cesine  staff   5210  2 Aug 15:24 neskie___secwepemctsnem.json
-rw-r--r--    1 cesine  staff   5606  2 Aug 15:24 nltk___nltk.json
-rw-r--r--    1 cesine  staff   5288  2 Aug 15:24 ojovoz___ojoVoz_mobile.json
-rw-r--r--    1 cesine  staff     87  2 Aug 15:24 projetDeRechercheSurLecriture___.json
-rw-r--r--    1 cesine  staff   6655  2 Aug 15:24 prosodylab___Prosodylab-Aligner.json
-rw-r--r--    1 cesine  staff   6770  2 Aug 15:24 prosodylab___prosodylab.alignertools.json
-rw-r--r--    1 cesine  staff   5094  2 Aug 15:24 proycon___clam.json
-rw-r--r--    1 cesine  staff   5166  2 Aug 15:24 psibre___arctic-prompts.json
-rw-r--r--    1 cesine  staff   5245  2 Aug 15:24 pyramation___LaTeX2HTML5.json
-rw-r--r--    1 cesine  staff   4935  2 Aug 15:24 redpony___cdec.json
-rw-r--r--    1 cesine  staff   5132  2 Aug 15:24 reokatoa___koreksyon.json
-rw-r--r--    1 cesine  staff   5283  2 Aug 15:24 rtxanson___hunspell-hn_NO.json
-rw-r--r--    1 cesine  staff   5030  2 Aug 15:24 rtxanson___somorph.json
-rw-r--r--    1 cesine  staff   6219  2 Aug 15:24 shineware___komoran-2.0.json
-rw-r--r--    1 cesine  staff   6285  2 Aug 15:24 sillsdev___FieldWorks.json
-rw-r--r--    1 cesine  staff   5901  2 Aug 15:24 sillsdev___cog.json
-rw-r--r--    1 cesine  staff   6072  2 Aug 15:24 sillsdev___machine.json
-rw-r--r--    1 cesine  staff   6013  2 Aug 15:24 sillsdev___wesay.json
-rw-r--r--    1 cesine  staff   5108  2 Aug 15:24 smathot___OpenSesame.json
-rw-r--r--    1 cesine  staff   5232  2 Aug 15:24 soshial___xdxf_makedict.json
-rw-r--r--    1 cesine  staff   4937  2 Aug 15:24 substack___dictdb.json
-rw-r--r--    1 cesine  staff   5325  2 Aug 15:24 syl22-00___pocketsphinx.js.json
-rw-r--r--    1 cesine  staff   5019  2 Aug 15:24 tlozoot___experigen.json
-rw-r--r--    1 cesine  staff   6762  2 Aug 15:24 universaldependencies___tools.json
-rw-r--r--    1 cesine  staff   6080  2 Aug 15:24 utcompling___texnlp.json
-rw-r--r--    1 cesine  staff   6209  2 Aug 15:24 voicesauce___opensauce.json
-rw-r--r--    1 cesine  staff   5848  2 Aug 15:24 westonruter___esv-text-audio-aligner.json
-rw-r--r--    1 cesine  staff   5771  2 Aug 15:24 westonruter___html5-audio-read-along.json
-rw-r--r--    1 cesine  staff   5259  2 Aug 15:24 westonruter___ipa-chart.json
